<?xml version="1.0" encoding="UTF-8"?>
<testng-results ignored="0" total="1" passed="1" failed="0" skipped="0">
  <reporter-output>
  </reporter-output>
  <suite started-at="2026-05-30T21:37:56 IST" name="Default suite" finished-at="2026-05-30T21:38:00 IST" duration-ms="4556">
    <groups>
    </groups>
    <test started-at="2026-05-30T21:37:56 IST" name="Default test" finished-at="2026-05-30T21:38:00 IST" duration-ms="4556">
      <class name="test.SoapXMLRequest">
        <test-method signature="validateSoapXML()[pri:0, instance:test.SoapXMLRequest@72d1ad2e]" started-at="2026-05-30T21:37:56 IST" name="validateSoapXML" finished-at="2026-05-30T21:38:00 IST" duration-ms="4489" status="PASS">
          <reporter-output>
          </reporter-output>
        </test-method> <!-- validateSoapXML -->
      </class> <!-- test.SoapXMLRequest -->
    </test> <!-- Default test -->
  </suite> <!-- Default suite -->
</testng-results>
